(2017: 4: 3: 1: 7) - (Aresden) Total user(0)
(2017: 4: 3: 1: 7) - (Elvine) Total user(0)
(2017: 4: 3: 1: 7) - (Middleland) Total user(0)
(2017: 4: 3: 1: 8) - (Aresden) Total user(0)
(2017: 4: 3: 1: 8) - (Elvine) Total user(0)
(2017: 4: 3: 1: 8) - (Middleland) Total user(0)
(2017: 4: 3: 1: 9) - (Aresden) Total user(0)
(2017: 4: 3: 1: 9) - (Elvine) Total user(0)
(2017: 4: 3: 1: 9) - (Middleland) Total user(1)
(2017: 4: 3: 1:10) - (Aresden) Total user(0)
(2017: 4: 3: 1:10) - (Elvine) Total user(0)
(2017: 4: 3: 1:10) - (Middleland) Total user(1)
(2017: 4: 3: 1:11) - (Aresden) Total user(0)
(2017: 4: 3: 1:11) - (Elvine) Total user(0)
(2017: 4: 3: 1:11) - (Middleland) Total user(1)
(2017: 4: 3: 1:12) - (Aresden) Total user(0)
(2017: 4: 3: 1:12) - (Elvine) Total user(0)
(2017: 4: 3: 1:12) - (Middleland) Total user(1)
(2017: 4: 3: 1:13) - (Aresden) Total user(1)
(2017: 4: 3: 1:13) - (Elvine) Total user(0)
(2017: 4: 3: 1:13) - (Middleland) Total user(0)
(2017: 4: 3: 1:14) - (Aresden) Total user(1)
(2017: 4: 3: 1:14) - (Elvine) Total user(0)
(2017: 4: 3: 1:14) - (Middleland) Total user(0)
(2017: 4: 3: 1:15) - (Aresden) Total user(1)
(2017: 4: 3: 1:15) - (Elvine) Total user(0)
(2017: 4: 3: 1:15) - (Middleland) Total user(0)
(2017: 4: 3: 1:16) - (Aresden) Total user(0)
(2017: 4: 3: 1:16) - (Elvine) Total user(0)
(2017: 4: 3: 1:16) - (Middleland) Total user(1)
(2017: 4: 3: 1:17) - (Aresden) Total user(0)
(2017: 4: 3: 1:17) - (Elvine) Total user(0)
(2017: 4: 3: 1:17) - (Middleland) Total user(1)
(2017: 4: 3: 1:18) - (Aresden) Total user(0)
(2017: 4: 3: 1:18) - (Elvine) Total user(0)
(2017: 4: 3: 1:20) - (Middleland) Total user(0)
(2017: 4: 3: 1:21) - (Middleland) Total user(0)
(2017: 4: 3: 1:21) - (Aresden) Total user(0)
(2017: 4: 3: 1:21) - (Elvine) Total user(0)
(2017: 4: 3: 1:22) - (Middleland) Total user(0)
(2017: 4: 3: 1:22) - (Aresden) Total user(1)
(2017: 4: 3: 1:22) - (Elvine) Total user(0)
(2017: 4: 3: 1:23) - (Middleland) Total user(0)
(2017: 4: 3: 1:23) - (Aresden) Total user(0)
(2017: 4: 3: 1:23) - (Elvine) Total user(1)
(2017: 4: 3: 1:24) - (Middleland) Total user(0)
(2017: 4: 3: 1:24) - (Aresden) Total user(0)
(2017: 4: 3: 1:24) - (Elvine) Total user(1)
(2017: 4: 3: 1:25) - (Middleland) Total user(0)
(2017: 4: 3: 1:25) - (Aresden) Total user(0)
(2017: 4: 3: 1:25) - (Elvine) Total user(1)
(2017: 4: 3: 1:26) - (Middleland) Total user(0)
(2017: 4: 3: 1:26) - (Aresden) Total user(0)
(2017: 4: 3: 1:26) - (Elvine) Total user(1)
(2017: 4: 3: 1:27) - (Middleland) Total user(0)
(2017: 4: 3: 1:27) - (Aresden) Total user(0)
(2017: 4: 3: 1:27) - (Elvine) Total user(1)
(2017: 4: 3: 1:28) - (Middleland) Total user(0)
(2017: 4: 3: 1:28) - (Aresden) Total user(0)
(2017: 4: 3: 1:28) - (Elvine) Total user(1)
(2017: 4: 3: 1:29) - (Middleland) Total user(0)
(2017: 4: 3: 1:29) - (Aresden) Total user(1)
(2017: 4: 3: 1:29) - (Elvine) Total user(0)
(2017: 4: 3: 1:30) - (Middleland) Total user(0)
(2017: 4: 3: 1:30) - (Aresden) Total user(1)
(2017: 4: 3: 1:30) - (Elvine) Total user(0)
(2017: 4: 3: 1:31) - (Middleland) Total user(0)
(2017: 4: 3: 1:31) - (Aresden) Total user(1)
(2017: 4: 3: 1:31) - (Elvine) Total user(0)
(2017: 4: 3: 1:32) - (Middleland) Total user(0)
(2017: 4: 3: 1:32) - (Aresden) Total user(1)
(2017: 4: 3: 1:32) - (Elvine) Total user(0)
(2017: 4: 3: 1:33) - (Middleland) Total user(0)
(2017: 4: 3: 1:33) - (Aresden) Total user(1)
(2017: 4: 3: 1:33) - (Elvine) Total user(0)
(2017: 4: 3: 1:34) - (Middleland) Total user(0)
(2017: 4: 3: 1:34) - (Aresden) Total user(0)
(2017: 4: 3: 1:34) - (Elvine) Total user(1)
(2017: 4: 3: 1:35) - (Middleland) Total user(0)
(2017: 4: 3: 1:35) - (Aresden) Total user(1)
(2017: 4: 3: 1:35) - (Elvine) Total user(0)
(2017: 4: 3: 1:41) - (Aresden) Total user(1)
(2017: 4: 3: 1:41) - (Elvine) Total user(0)
(2017: 4: 3: 1:41) - (Middleland) Total user(0)
(2017: 4: 3: 1:42) - (Aresden) Total user(1)
(2017: 4: 3: 1:42) - (Elvine) Total user(0)
(2017: 4: 3: 1:42) - (Middleland) Total user(0)
(2017: 4: 3: 1:43) - (Aresden) Total user(1)
(2017: 4: 3: 1:43) - (Elvine) Total user(0)
(2017: 4: 3: 1:43) - (Middleland) Total user(0)
(2017: 4: 3: 1:44) - (Aresden) Total user(0)
(2017: 4: 3: 1:44) - (Elvine) Total user(0)
(2017: 4: 3: 1:44) - (Middleland) Total user(1)
(2017: 4: 3: 1:45) - (Aresden) Total user(0)
(2017: 4: 3: 1:45) - (Elvine) Total user(0)
(2017: 4: 3: 1:45) - (Middleland) Total user(1)
(2017: 4: 3: 1:46) - (Aresden) Total user(1)
(2017: 4: 3: 1:46) - (Elvine) Total user(0)
(2017: 4: 3: 1:46) - (Middleland) Total user(0)
(2017: 4: 3: 1:48) - (Aresden) Total user(1)
(2017: 4: 3: 1:48) - (Elvine) Total user(0)
(2017: 4: 3: 1:48) - (Middleland) Total user(0)
(2017: 4: 3: 1:48) - (Apocalypse) Total user(0)
(2017: 4: 3: 1:49) - (Aresden) Total user(1)
(2017: 4: 3: 1:49) - (Elvine) Total user(0)
(2017: 4: 3: 1:49) - (Middleland) Total user(0)
(2017: 4: 3: 1:49) - (Apocalypse) Total user(0)
(2017: 4: 3: 1:50) - (Aresden) Total user(0)
(2017: 4: 3: 1:50) - (Elvine) Total user(0)
(2017: 4: 3: 1:50) - (Middleland) Total user(0)
(2017: 4: 3: 1:50) - (Apocalypse) Total user(0)
(2017: 4: 3: 1:51) - (Aresden) Total user(0)
(2017: 4: 3: 1:51) - (Elvine) Total user(0)
(2017: 4: 3: 1:51) - (Middleland) Total user(0)
(2017: 4: 3: 1:51) - (Apocalypse) Total user(0)
(2017: 4: 3: 1:52) - (Aresden) Total user(0)
(2017: 4: 3: 1:52) - (Elvine) Total user(0)
(2017: 4: 3: 1:52) - (Middleland) Total user(1)
(2017: 4: 3: 1:52) - (Apocalypse) Total user(0)
(2017: 4: 3: 1:54) - (Middleland) Total user(1)
(2017: 4: 3: 1:55) - (Middleland) Total user(1)
