(2017: 4: 5: 1:31) - (Middleland) Total user(0)
(2017: 4: 5: 1:32) - (Middleland) Total user(0)
(2017: 4: 5: 1:33) - (Middleland) Total user(1)
(2017: 4: 5: 1:34) - (Middleland) Total user(1)
(2017: 4: 5: 1:35) - (Middleland) Total user(1)
(2017: 4: 5: 1:36) - (Middleland) Total user(1)
(2017: 4: 5: 1:37) - (Middleland) Total user(1)
(2017: 4: 5: 1:41) - (Middleland) Total user(0)
(2017: 4: 5: 1:43) - (Middleland) Total user(0)
(2017: 4: 5: 1:44) - (Middleland) Total user(0)
(2017: 4: 5: 1:44) - (Aresden) Total user(1)
(2017: 4: 5: 1:45) - (Middleland) Total user(0)
(2017: 4: 5: 1:45) - (Aresden) Total user(1)
(2017: 4: 5: 1:46) - (Middleland) Total user(0)
(2017: 4: 5: 1:46) - (Aresden) Total user(1)
(2017: 4: 5: 1:47) - (Middleland) Total user(0)
(2017: 4: 5: 1:47) - (Aresden) Total user(1)
(2017: 4: 5: 1:48) - (Middleland) Total user(0)
(2017: 4: 5: 1:48) - (Aresden) Total user(1)
(2017: 4: 5: 1:49) - (Middleland) Total user(0)
(2017: 4: 5: 1:49) - (Aresden) Total user(1)
(2017: 4: 5: 1:50) - (Middleland) Total user(0)
(2017: 4: 5: 1:50) - (Aresden) Total user(1)
(2017: 4: 5: 1:51) - (Middleland) Total user(0)
(2017: 4: 5: 1:51) - (Aresden) Total user(1)
(2017: 4: 5: 1:52) - (Middleland) Total user(0)
(2017: 4: 5: 1:52) - (Aresden) Total user(1)
(2017: 4: 5: 1:53) - (Middleland) Total user(1)
(2017: 4: 5: 1:53) - (Aresden) Total user(0)
(2017: 4: 5: 1:54) - (Middleland) Total user(1)
(2017: 4: 5: 1:54) - (Aresden) Total user(0)
(2017: 4: 5: 1:55) - (Middleland) Total user(1)
(2017: 4: 5: 1:55) - (Aresden) Total user(0)
(2017: 4: 5: 1:57) - (Aresden) Total user(0)
(2017: 4: 5: 1:57) - (Middleland) Total user(0)
(2017: 4: 5: 1:58) - (Aresden) Total user(0)
(2017: 4: 5: 1:58) - (Middleland) Total user(0)
(2017: 4: 5: 1:59) - (Aresden) Total user(0)
(2017: 4: 5: 1:59) - (Middleland) Total user(1)
(2017: 4: 5: 2: 0) - (Aresden) Total user(0)
(2017: 4: 5: 2: 0) - (Middleland) Total user(1)
(2017: 4: 5: 2: 1) - (Aresden) Total user(0)
(2017: 4: 5: 2: 1) - (Middleland) Total user(1)
(2017: 4: 5: 2: 2) - (Aresden) Total user(0)
(2017: 4: 5: 2: 2) - (Middleland) Total user(1)
(2017: 4: 5: 2: 3) - (Aresden) Total user(0)
(2017: 4: 5: 2: 3) - (Middleland) Total user(1)
(2017: 4: 5: 2: 4) - (Aresden) Total user(0)
(2017: 4: 5: 2: 4) - (Middleland) Total user(1)
(2017: 4: 5: 2: 6) - (Middleland) Total user(0)
(2017: 4: 5: 2: 6) - (Aresden) Total user(1)
(2017: 4: 5: 2: 7) - (Middleland) Total user(0)
(2017: 4: 5: 2: 7) - (Aresden) Total user(1)
(2017: 4: 5: 2: 8) - (Middleland) Total user(0)
(2017: 4: 5: 2: 8) - (Aresden) Total user(0)
(2017: 4: 5: 2: 9) - (Middleland) Total user(0)
(2017: 4: 5: 2: 9) - (Aresden) Total user(0)
(2017: 4: 5: 2:10) - (Middleland) Total user(0)
(2017: 4: 5: 2:10) - (Aresden) Total user(0)
(2017: 4: 5: 2:11) - (Middleland) Total user(1)
(2017: 4: 5: 2:11) - (Aresden) Total user(0)
(2017: 4: 5: 2:12) - (Middleland) Total user(0)
(2017: 4: 5: 2:12) - (Aresden) Total user(0)
(2017: 4: 5: 2:13) - (Middleland) Total user(0)
(2017: 4: 5: 2:13) - (Aresden) Total user(0)
(2017: 4: 5: 2:14) - (Middleland) Total user(1)
(2017: 4: 5: 2:14) - (Aresden) Total user(0)
(2017: 4: 5:23:29) - (Aresden) Total user(1)
(2017: 4: 5:23:30) - (Aresden) Total user(1)
(2017: 4: 5:23:31) - (Aresden) Total user(1)
(2017: 4: 5:23:32) - (Aresden) Total user(1)
(2017: 4: 5:23:33) - (Aresden) Total user(1)
(2017: 4: 5:23:34) - (Aresden) Total user(1)
(2017: 4: 5:23:35) - (Aresden) Total user(1)
(2017: 4: 5:23:36) - (Aresden) Total user(1)
(2017: 4: 5:23:37) - (Aresden) Total user(1)
(2017: 4: 5:23:38) - (Aresden) Total user(0)
(2017: 4: 5:23:39) - (Aresden) Total user(0)
(2017: 4: 5:23:40) - (Aresden) Total user(1)
(2017: 4: 5:23:41) - (Aresden) Total user(1)
(2017: 4: 5:23:42) - (Aresden) Total user(1)
(2017: 4: 5:23:43) - (Aresden) Total user(1)
(2017: 4: 5:23:44) - (Aresden) Total user(1)
(2017: 4: 5:23:46) - (Aresden) Total user(1)
(2017: 4: 5:23:47) - (Aresden) Total user(1)
(2017: 4: 5:23:48) - (Aresden) Total user(1)
(2017: 4: 5:23:49) - (Aresden) Total user(1)
(2017: 4: 5:23:50) - (Aresden) Total user(1)
(2017: 4: 5:23:51) - (Aresden) Total user(1)
(2017: 4: 5:23:52) - (Aresden) Total user(1)
(2017: 4: 5:23:53) - (Aresden) Total user(1)
(2017: 4: 5:23:54) - (Aresden) Total user(0)
(2017: 4: 5:23:55) - (Aresden) Total user(0)
(2017: 4: 5:23:56) - (Aresden) Total user(0)
