(2018: 7:18:10:22) - (Middleland) Total user(0)
(2018: 7:18:10:22) - (Aresden) Total user(0)
(2018: 7:18:10:22) - (Elvine) Total user(0)
(2018: 7:18:10:23) - (Middleland) Total user(0)
(2018: 7:18:10:23) - (Aresden) Total user(0)
(2018: 7:18:10:23) - (Elvine) Total user(0)
(2018: 7:18:10:24) - (Middleland) Total user(0)
(2018: 7:18:10:24) - (Aresden) Total user(0)
(2018: 7:18:10:24) - (Elvine) Total user(0)
(2018: 7:18:10:25) - (Middleland) Total user(0)
(2018: 7:18:10:25) - (Aresden) Total user(0)
(2018: 7:18:10:25) - (Elvine) Total user(0)
(2018: 7:18:10:26) - (Middleland) Total user(0)
(2018: 7:18:10:26) - (Aresden) Total user(0)
(2018: 7:18:10:26) - (Elvine) Total user(0)
(2018: 7:18:10:27) - (Middleland) Total user(0)
(2018: 7:18:10:27) - (Aresden) Total user(0)
(2018: 7:18:10:27) - (Elvine) Total user(0)
(2018: 7:18:10:28) - (Middleland) Total user(0)
(2018: 7:18:10:28) - (Aresden) Total user(0)
(2018: 7:18:10:28) - (Elvine) Total user(0)
(2018: 7:18:10:29) - (Middleland) Total user(0)
(2018: 7:18:10:29) - (Aresden) Total user(0)
(2018: 7:18:10:29) - (Elvine) Total user(0)
(2018: 7:18:10:30) - (Middleland) Total user(0)
(2018: 7:18:10:30) - (Aresden) Total user(0)
(2018: 7:18:10:30) - (Elvine) Total user(0)
(2018: 7:18:10:31) - (Middleland) Total user(0)
(2018: 7:18:10:31) - (Aresden) Total user(0)
(2018: 7:18:10:31) - (Elvine) Total user(0)
(2018: 7:18:10:32) - (Middleland) Total user(0)
(2018: 7:18:10:32) - (Aresden) Total user(0)
(2018: 7:18:10:32) - (Elvine) Total user(0)
(2018: 7:18:10:33) - (Middleland) Total user(0)
(2018: 7:18:10:33) - (Aresden) Total user(0)
(2018: 7:18:10:33) - (Elvine) Total user(0)
(2018: 7:18:10:34) - (Middleland) Total user(0)
(2018: 7:18:10:34) - (Aresden) Total user(0)
(2018: 7:18:10:34) - (Elvine) Total user(0)
(2018: 7:18:10:35) - (Middleland) Total user(0)
(2018: 7:18:10:35) - (Aresden) Total user(0)
(2018: 7:18:10:35) - (Elvine) Total user(0)
(2018: 7:18:10:36) - (Middleland) Total user(0)
(2018: 7:18:10:36) - (Aresden) Total user(0)
(2018: 7:18:10:36) - (Elvine) Total user(0)
(2018: 7:18:10:37) - (Middleland) Total user(0)
(2018: 7:18:10:37) - (Aresden) Total user(0)
(2018: 7:18:10:37) - (Elvine) Total user(0)
(2018: 7:18:10:38) - (Middleland) Total user(0)
(2018: 7:18:10:38) - (Aresden) Total user(0)
(2018: 7:18:10:38) - (Elvine) Total user(0)
(2018: 7:18:10:39) - (Middleland) Total user(0)
(2018: 7:18:10:39) - (Aresden) Total user(0)
(2018: 7:18:10:39) - (Elvine) Total user(0)
(2018: 7:18:10:40) - (Middleland) Total user(0)
(2018: 7:18:10:40) - (Aresden) Total user(0)
(2018: 7:18:10:40) - (Elvine) Total user(0)
(2018: 7:18:10:41) - (Middleland) Total user(0)
(2018: 7:18:10:41) - (Aresden) Total user(0)
(2018: 7:18:10:41) - (Elvine) Total user(0)
(2018: 7:18:10:42) - (Middleland) Total user(0)
(2018: 7:18:10:42) - (Aresden) Total user(0)
(2018: 7:18:10:42) - (Elvine) Total user(0)
(2018: 7:18:10:43) - (Middleland) Total user(0)
(2018: 7:18:10:43) - (Aresden) Total user(0)
(2018: 7:18:10:43) - (Elvine) Total user(0)
(2018: 7:18:10:44) - (Middleland) Total user(0)
(2018: 7:18:10:44) - (Aresden) Total user(0)
(2018: 7:18:10:44) - (Elvine) Total user(0)
(2018: 7:18:10:45) - (Middleland) Total user(0)
(2018: 7:18:10:45) - (Aresden) Total user(0)
(2018: 7:18:10:45) - (Elvine) Total user(0)
(2018: 7:18:10:46) - (Middleland) Total user(0)
(2018: 7:18:10:46) - (Aresden) Total user(0)
(2018: 7:18:10:46) - (Elvine) Total user(0)
(2018: 7:18:10:47) - (Middleland) Total user(0)
(2018: 7:18:10:47) - (Aresden) Total user(0)
(2018: 7:18:10:47) - (Elvine) Total user(0)
(2018: 7:18:10:48) - (Middleland) Total user(0)
(2018: 7:18:10:48) - (Aresden) Total user(0)
(2018: 7:18:10:48) - (Elvine) Total user(0)
(2018: 7:18:10:49) - (Middleland) Total user(0)
(2018: 7:18:10:49) - (Aresden) Total user(0)
(2018: 7:18:10:49) - (Elvine) Total user(0)
(2018: 7:18:10:50) - (Middleland) Total user(0)
(2018: 7:18:10:50) - (Aresden) Total user(0)
(2018: 7:18:10:50) - (Elvine) Total user(0)
(2018: 7:18:10:51) - (Middleland) Total user(0)
(2018: 7:18:10:51) - (Aresden) Total user(0)
(2018: 7:18:10:51) - (Elvine) Total user(0)
(2018: 7:18:10:52) - (Middleland) Total user(0)
(2018: 7:18:10:52) - (Aresden) Total user(0)
(2018: 7:18:10:52) - (Elvine) Total user(0)
(2018: 7:18:10:53) - (Middleland) Total user(0)
(2018: 7:18:10:53) - (Aresden) Total user(0)
(2018: 7:18:10:53) - (Elvine) Total user(0)
(2018: 7:18:10:54) - (Middleland) Total user(0)
(2018: 7:18:10:54) - (Aresden) Total user(0)
(2018: 7:18:10:54) - (Elvine) Total user(0)
(2018: 7:18:10:55) - (Middleland) Total user(0)
(2018: 7:18:10:55) - (Aresden) Total user(0)
(2018: 7:18:10:55) - (Elvine) Total user(0)
(2018: 7:18:10:56) - (Middleland) Total user(0)
(2018: 7:18:10:56) - (Aresden) Total user(0)
(2018: 7:18:10:56) - (Elvine) Total user(0)
(2018: 7:18:10:57) - (Middleland) Total user(0)
(2018: 7:18:10:57) - (Aresden) Total user(0)
(2018: 7:18:10:57) - (Elvine) Total user(0)
(2018: 7:18:10:58) - (Middleland) Total user(0)
(2018: 7:18:10:58) - (Aresden) Total user(0)
(2018: 7:18:10:58) - (Elvine) Total user(0)
(2018: 7:18:10:59) - (Middleland) Total user(0)
(2018: 7:18:10:59) - (Aresden) Total user(0)
(2018: 7:18:10:59) - (Elvine) Total user(0)
(2018: 7:18:11: 0) - (Middleland) Total user(0)
(2018: 7:18:11: 0) - (Aresden) Total user(0)
(2018: 7:18:11: 0) - (Elvine) Total user(0)
(2018: 7:18:11: 1) - (Middleland) Total user(0)
(2018: 7:18:11: 1) - (Aresden) Total user(0)
(2018: 7:18:11: 1) - (Elvine) Total user(0)
(2018: 7:18:11: 3) - (Middleland) Total user(0)
(2018: 7:18:11: 3) - (Aresden) Total user(0)
(2018: 7:18:11: 3) - (Elvine) Total user(0)
(2018: 7:18:11: 4) - (Middleland) Total user(1)
(2018: 7:18:11: 4) - (Aresden) Total user(0)
(2018: 7:18:11: 4) - (Elvine) Total user(0)
(2018: 7:18:11: 5) - (Middleland) Total user(0)
(2018: 7:18:11: 5) - (Aresden) Total user(0)
(2018: 7:18:11: 5) - (Elvine) Total user(0)
(2018: 7:18:11: 6) - (Middleland) Total user(0)
(2018: 7:18:11: 6) - (Aresden) Total user(0)
(2018: 7:18:11: 6) - (Elvine) Total user(0)
(2018: 7:18:11: 7) - (Middleland) Total user(0)
(2018: 7:18:11: 7) - (Aresden) Total user(0)
(2018: 7:18:11: 7) - (Elvine) Total user(0)
(2018: 7:18:11: 8) - (Middleland) Total user(0)
(2018: 7:18:11: 8) - (Aresden) Total user(0)
(2018: 7:18:11: 8) - (Elvine) Total user(0)
(2018: 7:18:11: 9) - (Middleland) Total user(0)
(2018: 7:18:11: 9) - (Aresden) Total user(0)
(2018: 7:18:11: 9) - (Elvine) Total user(0)
(2018: 7:18:11:10) - (Middleland) Total user(0)
(2018: 7:18:11:10) - (Aresden) Total user(0)
(2018: 7:18:11:10) - (Elvine) Total user(0)
(2018: 7:18:11:11) - (Middleland) Total user(0)
(2018: 7:18:11:11) - (Aresden) Total user(0)
(2018: 7:18:11:11) - (Elvine) Total user(0)
(2018: 7:18:11:19) - (Aresden) Total user(0)
(2018: 7:18:11:19) - (Elvine) Total user(0)
(2018: 7:18:11:26) - (Aresden) Total user(0)
(2018: 7:18:11:26) - (Elvine) Total user(0)
(2018: 7:18:11:27) - (Aresden) Total user(0)
(2018: 7:18:11:27) - (Elvine) Total user(0)
(2018: 7:18:11:28) - (Aresden) Total user(0)
(2018: 7:18:11:28) - (Elvine) Total user(0)
(2018: 7:18:11:29) - (Aresden) Total user(0)
(2018: 7:18:11:29) - (Elvine) Total user(0)
(2018: 7:18:11:30) - (Aresden) Total user(0)
(2018: 7:18:11:30) - (Elvine) Total user(0)
(2018: 7:18:11:31) - (Aresden) Total user(0)
(2018: 7:18:11:31) - (Elvine) Total user(0)
(2018: 7:18:11:32) - (Aresden) Total user(0)
(2018: 7:18:11:32) - (Elvine) Total user(0)
(2018: 7:18:11:33) - (Aresden) Total user(0)
(2018: 7:18:11:33) - (Elvine) Total user(0)
