(2017: 4: 9: 0:25) - (Middleland) Total user(0)
(2017: 4: 9: 0:26) - (Middleland) Total user(0)
(2017: 4: 9: 0:27) - (Middleland) Total user(0)
(2017: 4: 9: 0:28) - (Middleland) Total user(0)
(2017: 4: 9: 0:30) - (Middleland) Total user(0)
(2017: 4: 9: 0:31) - (Middleland) Total user(0)
(2017: 4: 9: 0:32) - (Middleland) Total user(1)
(2017: 4: 9: 0:33) - (Middleland) Total user(0)
(2017: 4: 9: 0:52) - (Middleland) Total user(0)
(2017: 4: 9: 0:53) - (Middleland) Total user(1)
(2017: 4: 9: 0:55) - (Middleland) Total user(1)
(2017: 4: 9: 0:56) - (Middleland) Total user(0)
(2017: 4: 9: 0:56) - (Elvine) Total user(1)
(2017: 4: 9: 0:57) - (Middleland) Total user(0)
(2017: 4: 9: 0:57) - (Elvine) Total user(0)
(2017: 4: 9: 0:58) - (Middleland) Total user(0)
(2017: 4: 9: 0:58) - (Elvine) Total user(0)
(2017: 4: 9: 0:58) - (Aresden) Total user(1)
(2017: 4: 9: 0:59) - (Middleland) Total user(0)
(2017: 4: 9: 0:59) - (Elvine) Total user(0)
(2017: 4: 9: 0:59) - (Aresden) Total user(1)
(2017: 4: 9: 1: 0) - (Middleland) Total user(0)
(2017: 4: 9: 1: 0) - (Elvine) Total user(0)
(2017: 4: 9: 1: 0) - (Aresden) Total user(1)
(2017: 4: 9: 1: 0) - (Middleland) Total user(0)
(2017: 4: 9: 1: 0) - (Elvine) Total user(0)
(2017: 4: 9: 1: 0) - (Aresden) Total user(1)
(2017: 4: 9: 1: 2) - (Middleland) Total user(0)
(2017: 4: 9: 1: 2) - (Elvine) Total user(1)
(2017: 4: 9: 1: 2) - (Aresden) Total user(0)
(2017: 4: 9: 1: 3) - (Middleland) Total user(0)
(2017: 4: 9: 1: 3) - (Elvine) Total user(1)
(2017: 4: 9: 1: 3) - (Aresden) Total user(0)
(2017: 4: 9: 1: 4) - (Middleland) Total user(0)
(2017: 4: 9: 1: 4) - (Elvine) Total user(0)
(2017: 4: 9: 1: 4) - (Aresden) Total user(0)
(2017: 4: 9: 1: 5) - (Middleland) Total user(0)
(2017: 4: 9: 1: 5) - (Elvine) Total user(0)
(2017: 4: 9: 1: 5) - (Aresden) Total user(0)
(2017: 4: 9: 1: 6) - (Middleland) Total user(0)
(2017: 4: 9: 1: 6) - (Elvine) Total user(1)
(2017: 4: 9: 1: 6) - (Aresden) Total user(0)
(2017: 4: 9: 1: 7) - (Middleland) Total user(0)
(2017: 4: 9: 1: 7) - (Elvine) Total user(1)
(2017: 4: 9: 1: 7) - (Aresden) Total user(0)
(2017: 4: 9: 1: 8) - (Middleland) Total user(0)
(2017: 4: 9: 1: 8) - (Elvine) Total user(1)
(2017: 4: 9: 1: 8) - (Aresden) Total user(0)
(2017: 4: 9: 1: 9) - (Middleland) Total user(0)
(2017: 4: 9: 1: 9) - (Elvine) Total user(1)
(2017: 4: 9: 1: 9) - (Aresden) Total user(0)
(2017: 4: 9: 1:10) - (Middleland) Total user(0)
(2017: 4: 9: 1:10) - (Elvine) Total user(1)
(2017: 4: 9: 1:10) - (Aresden) Total user(0)
(2017: 4: 9: 1:11) - (Middleland) Total user(0)
(2017: 4: 9: 1:11) - (Elvine) Total user(1)
(2017: 4: 9: 1:11) - (Aresden) Total user(0)
(2017: 4: 9: 1:12) - (Middleland) Total user(0)
(2017: 4: 9: 1:12) - (Elvine) Total user(1)
(2017: 4: 9: 1:12) - (Aresden) Total user(0)
(2017: 4: 9: 1:13) - (Middleland) Total user(0)
(2017: 4: 9: 1:13) - (Elvine) Total user(1)
(2017: 4: 9: 1:13) - (Aresden) Total user(0)
(2017: 4: 9: 1:14) - (Middleland) Total user(0)
(2017: 4: 9: 1:14) - (Elvine) Total user(0)
(2017: 4: 9: 1:14) - (Aresden) Total user(0)
